Compiling the C compiler identification source file "CMakeCCompilerId.c" failed.
Compiler: /Library/Developer/CommandLineTools/usr/bin/cc 
Build flags: 
Id flags:  

The output was:
1
ld: library not found for -lSystem
clang: error: linker command failed with exit code 1 (use -v to see invocation)


Compiling the CXX compiler identification source file "CMakeCXXCompilerId.cpp" failed.
Compiler: /Library/Developer/CommandLineTools/usr/bin/c++ 
Build flags: 
Id flags:  

The output was:
1
ld: library not found for -lc++
clang: error: linker command failed with exit code 1 (use -v to see invocation)


Determining if the function sgemm_ exists failed with the following output:
Change Dir: /Users/vankermotis/Documents/MBProjects/IAVSD_ILTIS/workR/build/CMakeFiles/CMakeTmp

Run Build Command(s):/usr/bin/make -f Makefile cmTC_1162e/fast && /Library/Developer/CommandLineTools/usr/bin/make  -f CMakeFiles/cmTC_1162e.dir/build.make CMakeFiles/cmTC_1162e.dir/build
Building C object CMakeFiles/cmTC_1162e.dir/CheckFunctionExists.c.o
/Library/Developer/CommandLineTools/usr/bin/cc   -fPIC -DCHECK_FUNCTION_EXISTS=sgemm_ -isysroot /Library/Developer/CommandLineTools/SDKs/MacOSX10.15.sdk -MD -MT CMakeFiles/cmTC_1162e.dir/CheckFunctionExists.c.o -MF CMakeFiles/cmTC_1162e.dir/CheckFunctionExists.c.o.d -o CMakeFiles/cmTC_1162e.dir/CheckFunctionExists.c.o -c /Applications/CMake.app/Contents/share/cmake-3.22/Modules/CheckFunctionExists.c
Linking C executable cmTC_1162e
/Applications/CMake.app/Contents/bin/cmake -E cmake_link_script CMakeFiles/cmTC_1162e.dir/link.txt --verbose=1
/Library/Developer/CommandLineTools/usr/bin/cc -fPIC -DCHECK_FUNCTION_EXISTS=sgemm_ -isysroot /Library/Developer/CommandLineTools/SDKs/MacOSX10.15.sdk -Wl,-search_paths_first -Wl,-headerpad_max_install_names -fPIC  CMakeFiles/cmTC_1162e.dir/CheckFunctionExists.c.o -o cmTC_1162e 
Undefined symbols for architecture x86_64:
  "_sgemm_", referenced from:
      _main in CheckFunctionExists.c.o
ld: symbol(s) not found for architecture x86_64
clang: error: linker command failed with exit code 1 (use -v to see invocation)
make[1]: *** [cmTC_1162e] Error 1
make: *** [cmTC_1162e/fast] Error 2



